<?xml version="1.0" encoding="UTF-8"?>
<!-- Generated by org.testng.reporters.JUnitReportReporter -->
<testsuite skipped="0" hostname="DESKTOP-0M1MH5T" name="com.qa.linkedin.testcase.SearchDDTest" tests="3" failures="0" timestamp="2020-11-20T08:21:31 IST" time="47.871" errors="0">
  <testcase name="searchTest" time="16.189" classname="com.qa.linkedin.testcase.SearchDDTest"/>
  <testcase name="searchTest" time="16.195" classname="com.qa.linkedin.testcase.SearchDDTest"/>
  <testcase name="searchTest" time="15.487" classname="com.qa.linkedin.testcase.SearchDDTest"/>
</testsuite> <!-- com.qa.linkedin.testcase.SearchDDTest -->
