<?xml version="1.0" encoding="UTF-8"?>
<!-- Generated by org.testng.reporters.JUnitReportReporter -->
<testsuite skipped="0" hostname="DESKTOP-0M1MH5T" name="com.qa.linkedin.testcase.SearchDDTest" tests="3" failures="0" timestamp="2020-11-23T08:12:44 IST" time="45.682" errors="0">
  <testcase name="searchTest" time="15.816" classname="com.qa.linkedin.testcase.SearchDDTest"/>
  <testcase name="searchTest" time="15.422" classname="com.qa.linkedin.testcase.SearchDDTest"/>
  <testcase name="searchTest" time="14.444" classname="com.qa.linkedin.testcase.SearchDDTest"/>
</testsuite> <!-- com.qa.linkedin.testcase.SearchDDTest -->
